<?xml version="1.0" encoding="UTF-8"?>
<testng-results skipped="0" failed="0" total="1" passed="1">
  <reporter-output>
  </reporter-output>
  <suite name="Suite" duration-ms="54" started-at="2016-02-29T06:56:00Z" finished-at="2016-02-29T06:56:01Z">
    <groups>
    </groups>
    <test name="Test" duration-ms="54" started-at="2016-02-29T06:56:00Z" finished-at="2016-02-29T06:56:01Z">
      <class name="folder1.A">
        <test-method status="PASS" signature="m1()[pri:0, instance:folder1.A@4f6ee6e4]" name="m1" duration-ms="20" started-at="2016-02-28T22:56:01Z" finished-at="2016-02-28T22:56:01Z">
          <reporter-output>
          </reporter-output>
        </test-method> <!-- m1 -->
      </class> <!-- folder1.A -->
    </test> <!-- Test -->
  </suite> <!-- Suite -->
</testng-results>
